<component name="libraryTable">
  <library name="junit-platform-engine-1.3.2">
    <CLASSES>
      <root url="jar://$MAVEN_REPOSITORY$/org/junit/platform/junit-platform-engine/1.3.2/junit-platform-engine-1.3.2.jar!/" />
    </CLASSES>
    <JAVADOC />
    <SOURCES />
  </library>
</component>